[2015-02-21 14:41:32] request.ERROR: Uncaught PHP Exception Symfony\Component\HttpKernel\Exception\NotFoundHttpException: "No route found for "GET /"" at /Volumes/Data/nfs/zfs-student-3/users/2013/mmole/mamp/apps/intra/htdocs/vendor/symfony/symfony/src/Symfony/Component/HttpKernel/EventListener/RouterListener.php line 145 {"exception":"[object] (Symfony\\Component\\HttpKernel\\Exception\\NotFoundHttpException(code: 0): No route found for \"GET /\" at /Volumes/Data/nfs/zfs-student-3/users/2013/mmole/mamp/apps/intra/htdocs/vendor/symfony/symfony/src/Symfony/Component/HttpKernel/EventListener/RouterListener.php:145, Symfony\\Component\\Routing\\Exception\\ResourceNotFoundException(code: 0):  at /Volumes/Data/nfs/zfs-student-3/users/2013/mmole/mamp/apps/intra/htdocs/app/cache/prod/appProdUrlMatcher.php:35)"} []
[2015-02-21 14:41:53] request.ERROR: Uncaught PHP Exception Symfony\Component\HttpKernel\Exception\NotFoundHttpException: "No route found for "GET /bundles/framework/images/input_bg.gif" (from "http://intra.local.42.fr:8080/web/app_dev.php/_configurator/step/0")" at /Volumes/Data/nfs/zfs-student-3/users/2013/mmole/mamp/apps/intra/htdocs/vendor/symfony/symfony/src/Symfony/Component/HttpKernel/EventListener/RouterListener.php line 145 {"exception":"[object] (Symfony\\Component\\HttpKernel\\Exception\\NotFoundHttpException(code: 0): No route found for \"GET /bundles/framework/images/input_bg.gif\" (from \"http://intra.local.42.fr:8080/web/app_dev.php/_configurator/step/0\") at /Volumes/Data/nfs/zfs-student-3/users/2013/mmole/mamp/apps/intra/htdocs/vendor/symfony/symfony/src/Symfony/Component/HttpKernel/EventListener/RouterListener.php:145, Symfony\\Component\\Routing\\Exception\\ResourceNotFoundException(code: 0):  at /Volumes/Data/nfs/zfs-student-3/users/2013/mmole/mamp/apps/intra/htdocs/app/cache/prod/appProdUrlMatcher.php:35)"} []
[2015-02-21 14:43:20] request.ERROR: Uncaught PHP Exception Symfony\Component\HttpKernel\Exception\NotFoundHttpException: "No route found for "GET /bundles/framework/images/input_bg.gif" (from "http://intra.local.42.fr:8080/web/app_dev.php/_configurator/step/1")" at /Volumes/Data/nfs/zfs-student-3/users/2013/mmole/mamp/apps/intra/htdocs/app/cache/prod/classes.php line 2420 {"exception":"[object] (Symfony\\Component\\HttpKernel\\Exception\\NotFoundHttpException(code: 0): No route found for \"GET /bundles/framework/images/input_bg.gif\" (from \"http://intra.local.42.fr:8080/web/app_dev.php/_configurator/step/1\") at /Volumes/Data/nfs/zfs-student-3/users/2013/mmole/mamp/apps/intra/htdocs/app/cache/prod/classes.php:2420, Symfony\\Component\\Routing\\Exception\\ResourceNotFoundException(code: 0):  at /Volumes/Data/nfs/zfs-student-3/users/2013/mmole/mamp/apps/intra/htdocs/app/cache/prod/appProdUrlMatcher.php:35)"} []
[2015-02-21 14:43:55] request.ERROR: Uncaught PHP Exception Symfony\Component\HttpKernel\Exception\NotFoundHttpException: "No route found for "GET /bundles/framework/images/input_bg.gif" (from "http://intra.local.42.fr:8080/web/app_dev.php/_configurator/step/1")" at /Volumes/Data/nfs/zfs-student-3/users/2013/mmole/mamp/apps/intra/htdocs/app/cache/prod/classes.php line 2420 {"exception":"[object] (Symfony\\Component\\HttpKernel\\Exception\\NotFoundHttpException(code: 0): No route found for \"GET /bundles/framework/images/input_bg.gif\" (from \"http://intra.local.42.fr:8080/web/app_dev.php/_configurator/step/1\") at /Volumes/Data/nfs/zfs-student-3/users/2013/mmole/mamp/apps/intra/htdocs/app/cache/prod/classes.php:2420, Symfony\\Component\\Routing\\Exception\\ResourceNotFoundException(code: 0):  at /Volumes/Data/nfs/zfs-student-3/users/2013/mmole/mamp/apps/intra/htdocs/app/cache/prod/appProdUrlMatcher.php:35)"} []
[2015-02-22 14:03:15] request.ERROR: Uncaught PHP Exception Symfony\Component\HttpKernel\Exception\NotFoundHttpException: "No route found for "GET /bundles/framework/images/input_bg.gif" (from "http://intra.local.42.fr:8080/web/app_dev.php/_configurator/step/0")" at /Volumes/Data/nfs/zfs-student-3/users/2013/mmole/mamp/apps/intra/htdocs/app/cache/prod/classes.php line 2420 {"exception":"[object] (Symfony\\Component\\HttpKernel\\Exception\\NotFoundHttpException(code: 0): No route found for \"GET /bundles/framework/images/input_bg.gif\" (from \"http://intra.local.42.fr:8080/web/app_dev.php/_configurator/step/0\") at /Volumes/Data/nfs/zfs-student-3/users/2013/mmole/mamp/apps/intra/htdocs/app/cache/prod/classes.php:2420, Symfony\\Component\\Routing\\Exception\\ResourceNotFoundException(code: 0):  at /Volumes/Data/nfs/zfs-student-3/users/2013/mmole/mamp/apps/intra/htdocs/app/cache/prod/appProdUrlMatcher.php:35)"} []
[2015-03-07 18:11:17] request.ERROR: Uncaught PHP Exception Symfony\Component\HttpKernel\Exception\NotFoundHttpException: "No route found for "GET /bundles/framework/images/input_bg.gif" (from "http://intra.local.42.fr:8080/web/app_dev.php/_configurator/step/0")" at /Volumes/Data/nfs/zfs-student-3/users/2013/mmole/mamp/apps/intra/htdocs/app/cache/prod/classes.php line 2420 {"exception":"[object] (Symfony\\Component\\HttpKernel\\Exception\\NotFoundHttpException(code: 0): No route found for \"GET /bundles/framework/images/input_bg.gif\" (from \"http://intra.local.42.fr:8080/web/app_dev.php/_configurator/step/0\") at /Volumes/Data/nfs/zfs-student-3/users/2013/mmole/mamp/apps/intra/htdocs/app/cache/prod/classes.php:2420, Symfony\\Component\\Routing\\Exception\\ResourceNotFoundException(code: 0):  at /Volumes/Data/nfs/zfs-student-3/users/2013/mmole/mamp/apps/intra/htdocs/app/cache/prod/appProdUrlMatcher.php:35)"} []
[2015-03-07 18:11:52] request.ERROR: Uncaught PHP Exception Symfony\Component\HttpKernel\Exception\NotFoundHttpException: "No route found for "GET /bundles/framework/images/input_bg.gif" (from "http://intra.local.42.fr:8080/web/app_dev.php/_configurator/step/0")" at /Volumes/Data/nfs/zfs-student-3/users/2013/mmole/mamp/apps/intra/htdocs/app/cache/prod/classes.php line 2420 {"exception":"[object] (Symfony\\Component\\HttpKernel\\Exception\\NotFoundHttpException(code: 0): No route found for \"GET /bundles/framework/images/input_bg.gif\" (from \"http://intra.local.42.fr:8080/web/app_dev.php/_configurator/step/0\") at /Volumes/Data/nfs/zfs-student-3/users/2013/mmole/mamp/apps/intra/htdocs/app/cache/prod/classes.php:2420, Symfony\\Component\\Routing\\Exception\\ResourceNotFoundException(code: 0):  at /Volumes/Data/nfs/zfs-student-3/users/2013/mmole/mamp/apps/intra/htdocs/app/cache/prod/appProdUrlMatcher.php:35)"} []
[2015-03-07 18:11:56] request.ERROR: Uncaught PHP Exception Symfony\Component\HttpKernel\Exception\NotFoundHttpException: "No route found for "GET /"" at /Volumes/Data/nfs/zfs-student-3/users/2013/mmole/mamp/apps/intra/htdocs/app/cache/prod/classes.php line 2420 {"exception":"[object] (Symfony\\Component\\HttpKernel\\Exception\\NotFoundHttpException(code: 0): No route found for \"GET /\" at /Volumes/Data/nfs/zfs-student-3/users/2013/mmole/mamp/apps/intra/htdocs/app/cache/prod/classes.php:2420, Symfony\\Component\\Routing\\Exception\\ResourceNotFoundException(code: 0):  at /Volumes/Data/nfs/zfs-student-3/users/2013/mmole/mamp/apps/intra/htdocs/app/cache/prod/appProdUrlMatcher.php:35)"} []
[2015-03-17 19:25:53] request.ERROR: Uncaught PHP Exception Symfony\Component\HttpKernel\Exception\NotFoundHttpException: "No route found for "GET /web/app_dev.php/base/"" at /Volumes/Data/nfs/zfs-student-3/users/2013/mmole/mamp/apps/intra/htdocs/app/cache/prod/classes.php line 2420 {"exception":"[object] (Symfony\\Component\\HttpKernel\\Exception\\NotFoundHttpException(code: 0): No route found for \"GET /web/app_dev.php/base/\" at /Volumes/Data/nfs/zfs-student-3/users/2013/mmole/mamp/apps/intra/htdocs/app/cache/prod/classes.php:2420, Symfony\\Component\\Routing\\Exception\\ResourceNotFoundException(code: 0):  at /Volumes/Data/nfs/zfs-student-3/users/2013/mmole/mamp/apps/intra/htdocs/app/cache/prod/appProdUrlMatcher.php:35)"} []
[2015-03-17 19:26:02] request.ERROR: Uncaught PHP Exception Symfony\Component\HttpKernel\Exception\NotFoundHttpException: "No route found for "GET /base/"" at /Volumes/Data/nfs/zfs-student-3/users/2013/mmole/mamp/apps/intra/htdocs/app/cache/prod/classes.php line 2420 {"exception":"[object] (Symfony\\Component\\HttpKernel\\Exception\\NotFoundHttpException(code: 0): No route found for \"GET /base/\" at /Volumes/Data/nfs/zfs-student-3/users/2013/mmole/mamp/apps/intra/htdocs/app/cache/prod/classes.php:2420, Symfony\\Component\\Routing\\Exception\\ResourceNotFoundException(code: 0):  at /Volumes/Data/nfs/zfs-student-3/users/2013/mmole/mamp/apps/intra/htdocs/app/cache/prod/appProdUrlMatcher.php:35)"} []
[2015-03-17 19:26:18] request.ERROR: Uncaught PHP Exception Symfony\Component\HttpKernel\Exception\NotFoundHttpException: "No route found for "GET /base"" at /Volumes/Data/nfs/zfs-student-3/users/2013/mmole/mamp/apps/intra/htdocs/app/cache/prod/classes.php line 2420 {"exception":"[object] (Symfony\\Component\\HttpKernel\\Exception\\NotFoundHttpException(code: 0): No route found for \"GET /base\" at /Volumes/Data/nfs/zfs-student-3/users/2013/mmole/mamp/apps/intra/htdocs/app/cache/prod/classes.php:2420, Symfony\\Component\\Routing\\Exception\\ResourceNotFoundException(code: 0):  at /Volumes/Data/nfs/zfs-student-3/users/2013/mmole/mamp/apps/intra/htdocs/app/cache/prod/appProdUrlMatcher.php:35)"} []
[2015-03-18 16:37:29] request.ERROR: Uncaught PHP Exception Symfony\Component\HttpKernel\Exception\NotFoundHttpException: "No route found for "GET /"" at /Volumes/Data/nfs/zfs-student-3/users/2013/mmole/mamp/apps/intra/htdocs/app/cache/prod/classes.php line 5155 {"exception":"[object] (Symfony\\Component\\HttpKernel\\Exception\\NotFoundHttpException(code: 0): No route found for \"GET /\" at /Volumes/Data/nfs/zfs-student-3/users/2013/mmole/mamp/apps/intra/htdocs/app/cache/prod/classes.php:5155, Symfony\\Component\\Routing\\Exception\\ResourceNotFoundException(code: 0):  at /Volumes/Data/nfs/zfs-student-3/users/2013/mmole/mamp/apps/intra/htdocs/app/cache/prod/appProdUrlMatcher.php:268)"} []
[2015-03-18 16:37:29] event.DEBUG: Notified event "kernel.request" to listener "Symfony\Component\EventDispatcher\Debug\WrappedListener::__invoke". [] []
[2015-03-18 16:37:29] event.DEBUG: Notified event "kernel.request" to listener "Symfony\Component\EventDispatcher\Debug\WrappedListener::__invoke". [] []
[2015-03-18 16:37:29] event.DEBUG: Notified event "kernel.request" to listener "Symfony\Component\EventDispatcher\Debug\WrappedListener::__invoke". [] []
[2015-03-18 16:37:29] event.DEBUG: Notified event "kernel.request" to listener "Symfony\Component\EventDispatcher\Debug\WrappedListener::__invoke". [] []
[2015-03-18 16:37:29] event.DEBUG: Notified event "kernel.request" to listener "Symfony\Component\EventDispatcher\Debug\WrappedListener::__invoke". [] []
[2015-03-18 16:37:29] event.DEBUG: Notified event "kernel.request" to listener "Symfony\Component\EventDispatcher\Debug\WrappedListener::__invoke". [] []
[2015-03-18 16:37:29] event.DEBUG: Notified event "kernel.request" to listener "Symfony\Component\EventDispatcher\Debug\WrappedListener::__invoke". [] []
[2015-03-18 16:37:30] event.DEBUG: Notified event "kernel.controller" to listener "Sensio\Bundle\FrameworkExtraBundle\EventListener\ControllerListener::onKernelController". [] []
[2015-03-18 16:37:30] event.DEBUG: Notified event "kernel.controller" to listener "Sensio\Bundle\FrameworkExtraBundle\EventListener\ParamConverterListener::onKernelController". [] []
[2015-03-18 16:37:30] event.DEBUG: Notified event "kernel.controller" to listener "Sensio\Bundle\FrameworkExtraBundle\EventListener\HttpCacheListener::onKernelController". [] []
[2015-03-18 16:37:30] event.DEBUG: Notified event "kernel.controller" to listener "Sensio\Bundle\FrameworkExtraBundle\EventListener\SecurityListener::onKernelController". [] []
[2015-03-18 16:37:30] event.DEBUG: Notified event "kernel.controller" to listener "Sensio\Bundle\FrameworkExtraBundle\EventListener\TemplateListener::onKernelController". [] []
[2015-03-18 16:37:30] event.DEBUG: Notified event "kernel.response" to listener "Symfony\Component\HttpKernel\EventListener\ResponseListener::onKernelResponse". [] []
[2015-03-18 16:37:30] event.DEBUG: Notified event "kernel.response" to listener "Symfony\Component\Security\Http\RememberMe\ResponseListener::onKernelResponse". [] []
[2015-03-18 16:37:30] event.DEBUG: Notified event "kernel.response" to listener "Sensio\Bundle\FrameworkExtraBundle\EventListener\HttpCacheListener::onKernelResponse". [] []
[2015-03-18 16:37:30] event.DEBUG: Notified event "kernel.response" to listener "Symfony\Component\HttpKernel\EventListener\SaveSessionListener::onKernelResponse". [] []
[2015-03-18 16:37:30] event.DEBUG: Notified event "kernel.response" to listener "Symfony\Component\HttpKernel\EventListener\StreamedResponseListener::onKernelResponse". [] []
[2015-03-18 16:37:31] event.DEBUG: Notified event "kernel.finish_request" to listener "Symfony\Component\HttpKernel\EventListener\LocaleListener::onKernelFinishRequest". [] []
[2015-03-18 16:37:31] event.DEBUG: Notified event "kernel.finish_request" to listener "Symfony\Component\HttpKernel\EventListener\TranslatorListener::onKernelFinishRequest". [] []
[2015-03-18 16:37:31] event.DEBUG: Notified event "kernel.finish_request" to listener "Symfony\Component\HttpKernel\EventListener\RouterListener::onKernelFinishRequest". [] []
[2015-03-18 16:37:31] event.DEBUG: Notified event "kernel.finish_request" to listener "Symfony\Component\Security\Http\Firewall::onKernelFinishRequest". [] []
[2015-03-18 16:37:31] event.DEBUG: Notified event "kernel.exception" to listener "Symfony\Component\HttpKernel\EventListener\ExceptionListener::onKernelException". [] []
[2015-03-18 16:37:31] event.DEBUG: Listener "Symfony\Component\HttpKernel\EventListener\ExceptionListener::onKernelException" stopped propagation of the event "kernel.exception". [] []
[2015-03-18 16:37:31] event.DEBUG: Notified event "kernel.response" to listener "Symfony\Component\HttpKernel\EventListener\ResponseListener::onKernelResponse". [] []
[2015-03-18 16:37:31] event.DEBUG: Notified event "kernel.response" to listener "Symfony\Component\Security\Http\RememberMe\ResponseListener::onKernelResponse". [] []
[2015-03-18 16:37:31] event.DEBUG: Notified event "kernel.response" to listener "Sensio\Bundle\FrameworkExtraBundle\EventListener\HttpCacheListener::onKernelResponse". [] []
[2015-03-18 16:37:31] event.DEBUG: Notified event "kernel.response" to listener "Symfony\Component\HttpKernel\EventListener\SaveSessionListener::onKernelResponse". [] []
[2015-03-18 16:37:31] event.DEBUG: Notified event "kernel.response" to listener "Symfony\Component\HttpKernel\EventListener\StreamedResponseListener::onKernelResponse". [] []
[2015-03-18 16:37:31] event.DEBUG: Notified event "kernel.finish_request" to listener "Symfony\Component\HttpKernel\EventListener\LocaleListener::onKernelFinishRequest". [] []
[2015-03-18 16:37:31] event.DEBUG: Notified event "kernel.finish_request" to listener "Symfony\Component\HttpKernel\EventListener\TranslatorListener::onKernelFinishRequest". [] []
[2015-03-18 16:37:31] event.DEBUG: Notified event "kernel.finish_request" to listener "Symfony\Component\HttpKernel\EventListener\RouterListener::onKernelFinishRequest". [] []
[2015-03-18 16:37:31] event.DEBUG: Notified event "kernel.finish_request" to listener "Symfony\Component\Security\Http\Firewall::onKernelFinishRequest". [] []
[2015-03-18 16:37:31] event.DEBUG: Notified event "kernel.terminate" to listener "Symfony\Bundle\SwiftmailerBundle\EventListener\EmailSenderListener::onTerminate". [] []
[2015-03-18 16:37:45] request.ERROR: Uncaught PHP Exception Symfony\Component\HttpKernel\Exception\NotFoundHttpException: "No route found for "GET /base/login"" at /Volumes/Data/nfs/zfs-student-3/users/2013/mmole/mamp/apps/intra/htdocs/app/cache/prod/classes.php line 5155 {"exception":"[object] (Symfony\\Component\\HttpKernel\\Exception\\NotFoundHttpException(code: 0): No route found for \"GET /base/login\" at /Volumes/Data/nfs/zfs-student-3/users/2013/mmole/mamp/apps/intra/htdocs/app/cache/prod/classes.php:5155, Symfony\\Component\\Routing\\Exception\\ResourceNotFoundException(code: 0):  at /Volumes/Data/nfs/zfs-student-3/users/2013/mmole/mamp/apps/intra/htdocs/app/cache/prod/appProdUrlMatcher.php:268)"} []
[2015-03-18 16:37:45] event.DEBUG: Notified event "kernel.request" to listener "Symfony\Component\EventDispatcher\Debug\WrappedListener::__invoke". [] []
[2015-03-18 16:37:45] event.DEBUG: Notified event "kernel.request" to listener "Symfony\Component\EventDispatcher\Debug\WrappedListener::__invoke". [] []
[2015-03-18 16:37:45] event.DEBUG: Notified event "kernel.request" to listener "Symfony\Component\EventDispatcher\Debug\WrappedListener::__invoke". [] []
[2015-03-18 16:37:45] event.DEBUG: Notified event "kernel.request" to listener "Symfony\Component\EventDispatcher\Debug\WrappedListener::__invoke". [] []
[2015-03-18 16:37:45] event.DEBUG: Notified event "kernel.request" to listener "Symfony\Component\EventDispatcher\Debug\WrappedListener::__invoke". [] []
[2015-03-18 16:37:45] event.DEBUG: Notified event "kernel.request" to listener "Symfony\Component\EventDispatcher\Debug\WrappedListener::__invoke". [] []
[2015-03-18 16:37:45] event.DEBUG: Notified event "kernel.request" to listener "Symfony\Component\EventDispatcher\Debug\WrappedListener::__invoke". [] []
[2015-03-18 16:37:45] event.DEBUG: Notified event "kernel.controller" to listener "Sensio\Bundle\FrameworkExtraBundle\EventListener\ControllerListener::onKernelController". [] []
[2015-03-18 16:37:45] event.DEBUG: Notified event "kernel.controller" to listener "Sensio\Bundle\FrameworkExtraBundle\EventListener\ParamConverterListener::onKernelController". [] []
[2015-03-18 16:37:45] event.DEBUG: Notified event "kernel.controller" to listener "Sensio\Bundle\FrameworkExtraBundle\EventListener\HttpCacheListener::onKernelController". [] []
[2015-03-18 16:37:45] event.DEBUG: Notified event "kernel.controller" to listener "Sensio\Bundle\FrameworkExtraBundle\EventListener\SecurityListener::onKernelController". [] []
[2015-03-18 16:37:45] event.DEBUG: Notified event "kernel.controller" to listener "Sensio\Bundle\FrameworkExtraBundle\EventListener\TemplateListener::onKernelController". [] []
[2015-03-18 16:37:46] event.DEBUG: Notified event "kernel.response" to listener "Symfony\Component\HttpKernel\EventListener\ResponseListener::onKernelResponse". [] []
[2015-03-18 16:37:46] event.DEBUG: Notified event "kernel.response" to listener "Symfony\Component\Security\Http\RememberMe\ResponseListener::onKernelResponse". [] []
[2015-03-18 16:37:46] event.DEBUG: Notified event "kernel.response" to listener "Sensio\Bundle\FrameworkExtraBundle\EventListener\HttpCacheListener::onKernelResponse". [] []
[2015-03-18 16:37:46] event.DEBUG: Notified event "kernel.response" to listener "Symfony\Component\HttpKernel\EventListener\SaveSessionListener::onKernelResponse". [] []
[2015-03-18 16:37:46] event.DEBUG: Notified event "kernel.response" to listener "Symfony\Component\HttpKernel\EventListener\StreamedResponseListener::onKernelResponse". [] []
[2015-03-18 16:37:46] event.DEBUG: Notified event "kernel.finish_request" to listener "Symfony\Component\HttpKernel\EventListener\LocaleListener::onKernelFinishRequest". [] []
[2015-03-18 16:37:46] event.DEBUG: Notified event "kernel.finish_request" to listener "Symfony\Component\HttpKernel\EventListener\TranslatorListener::onKernelFinishRequest". [] []
[2015-03-18 16:37:46] event.DEBUG: Notified event "kernel.finish_request" to listener "Symfony\Component\HttpKernel\EventListener\RouterListener::onKernelFinishRequest". [] []
[2015-03-18 16:37:46] event.DEBUG: Notified event "kernel.finish_request" to listener "Symfony\Component\Security\Http\Firewall::onKernelFinishRequest". [] []
[2015-03-18 16:37:46] event.DEBUG: Notified event "kernel.exception" to listener "Symfony\Component\HttpKernel\EventListener\ExceptionListener::onKernelException". [] []
[2015-03-18 16:37:46] event.DEBUG: Listener "Symfony\Component\HttpKernel\EventListener\ExceptionListener::onKernelException" stopped propagation of the event "kernel.exception". [] []
[2015-03-18 16:37:46] event.DEBUG: Notified event "kernel.response" to listener "Symfony\Component\HttpKernel\EventListener\ResponseListener::onKernelResponse". [] []
[2015-03-18 16:37:46] event.DEBUG: Notified event "kernel.response" to listener "Symfony\Component\Security\Http\RememberMe\ResponseListener::onKernelResponse". [] []
[2015-03-18 16:37:46] event.DEBUG: Notified event "kernel.response" to listener "Sensio\Bundle\FrameworkExtraBundle\EventListener\HttpCacheListener::onKernelResponse". [] []
[2015-03-18 16:37:46] event.DEBUG: Notified event "kernel.response" to listener "Symfony\Component\HttpKernel\EventListener\SaveSessionListener::onKernelResponse". [] []
[2015-03-18 16:37:46] event.DEBUG: Notified event "kernel.response" to listener "Symfony\Component\HttpKernel\EventListener\StreamedResponseListener::onKernelResponse". [] []
[2015-03-18 16:37:46] event.DEBUG: Notified event "kernel.finish_request" to listener "Symfony\Component\HttpKernel\EventListener\LocaleListener::onKernelFinishRequest". [] []
[2015-03-18 16:37:46] event.DEBUG: Notified event "kernel.finish_request" to listener "Symfony\Component\HttpKernel\EventListener\TranslatorListener::onKernelFinishRequest". [] []
[2015-03-18 16:37:46] event.DEBUG: Notified event "kernel.finish_request" to listener "Symfony\Component\HttpKernel\EventListener\RouterListener::onKernelFinishRequest". [] []
[2015-03-18 16:37:46] event.DEBUG: Notified event "kernel.finish_request" to listener "Symfony\Component\Security\Http\Firewall::onKernelFinishRequest". [] []
[2015-03-18 16:37:46] event.DEBUG: Notified event "kernel.terminate" to listener "Symfony\Bundle\SwiftmailerBundle\EventListener\EmailSenderListener::onTerminate". [] []
[2015-03-18 16:40:20] request.ERROR: Uncaught PHP Exception Symfony\Component\HttpKernel\Exception\NotFoundHttpException: "No route found for "GET /register"" at /Volumes/Data/nfs/zfs-student-3/users/2013/mmole/mamp/apps/intra/htdocs/app/cache/prod/classes.php line 5155 {"exception":"[object] (Symfony\\Component\\HttpKernel\\Exception\\NotFoundHttpException(code: 0): No route found for \"GET /register\" at /Volumes/Data/nfs/zfs-student-3/users/2013/mmole/mamp/apps/intra/htdocs/app/cache/prod/classes.php:5155, Symfony\\Component\\Routing\\Exception\\ResourceNotFoundException(code: 0):  at /Volumes/Data/nfs/zfs-student-3/users/2013/mmole/mamp/apps/intra/htdocs/app/cache/prod/appProdUrlMatcher.php:268)"} []
[2015-03-18 16:40:20] event.DEBUG: Notified event "kernel.request" to listener "Symfony\Component\EventDispatcher\Debug\WrappedListener::__invoke". [] []
[2015-03-18 16:40:20] event.DEBUG: Notified event "kernel.request" to listener "Symfony\Component\EventDispatcher\Debug\WrappedListener::__invoke". [] []
[2015-03-18 16:40:20] event.DEBUG: Notified event "kernel.request" to listener "Symfony\Component\EventDispatcher\Debug\WrappedListener::__invoke". [] []
[2015-03-18 16:40:20] event.DEBUG: Notified event "kernel.request" to listener "Symfony\Component\EventDispatcher\Debug\WrappedListener::__invoke". [] []
[2015-03-18 16:40:20] event.DEBUG: Notified event "kernel.request" to listener "Symfony\Component\EventDispatcher\Debug\WrappedListener::__invoke". [] []
[2015-03-18 16:40:20] event.DEBUG: Notified event "kernel.request" to listener "Symfony\Component\EventDispatcher\Debug\WrappedListener::__invoke". [] []
[2015-03-18 16:40:20] event.DEBUG: Notified event "kernel.request" to listener "Symfony\Component\EventDispatcher\Debug\WrappedListener::__invoke". [] []
[2015-03-18 16:40:20] event.DEBUG: Notified event "kernel.controller" to listener "Sensio\Bundle\FrameworkExtraBundle\EventListener\ControllerListener::onKernelController". [] []
[2015-03-18 16:40:20] event.DEBUG: Notified event "kernel.controller" to listener "Sensio\Bundle\FrameworkExtraBundle\EventListener\ParamConverterListener::onKernelController". [] []
[2015-03-18 16:40:20] event.DEBUG: Notified event "kernel.controller" to listener "Sensio\Bundle\FrameworkExtraBundle\EventListener\HttpCacheListener::onKernelController". [] []
[2015-03-18 16:40:20] event.DEBUG: Notified event "kernel.controller" to listener "Sensio\Bundle\FrameworkExtraBundle\EventListener\SecurityListener::onKernelController". [] []
[2015-03-18 16:40:20] event.DEBUG: Notified event "kernel.controller" to listener "Sensio\Bundle\FrameworkExtraBundle\EventListener\TemplateListener::onKernelController". [] []
[2015-03-18 16:40:21] event.DEBUG: Notified event "kernel.response" to listener "Symfony\Component\HttpKernel\EventListener\ResponseListener::onKernelResponse". [] []
[2015-03-18 16:40:21] event.DEBUG: Notified event "kernel.response" to listener "Symfony\Component\Security\Http\RememberMe\ResponseListener::onKernelResponse". [] []
[2015-03-18 16:40:21] event.DEBUG: Notified event "kernel.response" to listener "Sensio\Bundle\FrameworkExtraBundle\EventListener\HttpCacheListener::onKernelResponse". [] []
[2015-03-18 16:40:21] event.DEBUG: Notified event "kernel.response" to listener "Symfony\Component\HttpKernel\EventListener\SaveSessionListener::onKernelResponse". [] []
[2015-03-18 16:40:21] event.DEBUG: Notified event "kernel.response" to listener "Symfony\Component\HttpKernel\EventListener\StreamedResponseListener::onKernelResponse". [] []
[2015-03-18 16:40:21] event.DEBUG: Notified event "kernel.finish_request" to listener "Symfony\Component\HttpKernel\EventListener\LocaleListener::onKernelFinishRequest". [] []
[2015-03-18 16:40:21] event.DEBUG: Notified event "kernel.finish_request" to listener "Symfony\Component\HttpKernel\EventListener\TranslatorListener::onKernelFinishRequest". [] []
[2015-03-18 16:40:21] event.DEBUG: Notified event "kernel.finish_request" to listener "Symfony\Component\HttpKernel\EventListener\RouterListener::onKernelFinishRequest". [] []
[2015-03-18 16:40:21] event.DEBUG: Notified event "kernel.finish_request" to listener "Symfony\Component\Security\Http\Firewall::onKernelFinishRequest". [] []
[2015-03-18 16:40:21] event.DEBUG: Notified event "kernel.exception" to listener "Symfony\Component\HttpKernel\EventListener\ExceptionListener::onKernelException". [] []
[2015-03-18 16:40:21] event.DEBUG: Listener "Symfony\Component\HttpKernel\EventListener\ExceptionListener::onKernelException" stopped propagation of the event "kernel.exception". [] []
[2015-03-18 16:40:21] event.DEBUG: Notified event "kernel.response" to listener "Symfony\Component\HttpKernel\EventListener\ResponseListener::onKernelResponse". [] []
[2015-03-18 16:40:21] event.DEBUG: Notified event "kernel.response" to listener "Symfony\Component\Security\Http\RememberMe\ResponseListener::onKernelResponse". [] []
[2015-03-18 16:40:21] event.DEBUG: Notified event "kernel.response" to listener "Sensio\Bundle\FrameworkExtraBundle\EventListener\HttpCacheListener::onKernelResponse". [] []
[2015-03-18 16:40:21] event.DEBUG: Notified event "kernel.response" to listener "Symfony\Component\HttpKernel\EventListener\SaveSessionListener::onKernelResponse". [] []
[2015-03-18 16:40:21] event.DEBUG: Notified event "kernel.response" to listener "Symfony\Component\HttpKernel\EventListener\StreamedResponseListener::onKernelResponse". [] []
[2015-03-18 16:40:21] event.DEBUG: Notified event "kernel.finish_request" to listener "Symfony\Component\HttpKernel\EventListener\LocaleListener::onKernelFinishRequest". [] []
[2015-03-18 16:40:21] event.DEBUG: Notified event "kernel.finish_request" to listener "Symfony\Component\HttpKernel\EventListener\TranslatorListener::onKernelFinishRequest". [] []
[2015-03-18 16:40:21] event.DEBUG: Notified event "kernel.finish_request" to listener "Symfony\Component\HttpKernel\EventListener\RouterListener::onKernelFinishRequest". [] []
[2015-03-18 16:40:21] event.DEBUG: Notified event "kernel.finish_request" to listener "Symfony\Component\Security\Http\Firewall::onKernelFinishRequest". [] []
[2015-03-18 16:40:21] event.DEBUG: Notified event "kernel.terminate" to listener "Symfony\Bundle\SwiftmailerBundle\EventListener\EmailSenderListener::onTerminate". [] []
